2020-06-23 14:52:34.2298|ERROR|AutomationFactory|UIAutomation.Common.AutomationFactory.TextBox_Automation_Task|133|0001:UIAutomation|1.0.0.0|14||执行ListBox自动化任务 System.Windows.Automation.ElementNotAvailableException: 无法识别的错误。
   at MS.Internal.Automation.UiaCoreApi.CheckError(Int32 hr)
   at System.Windows.Automation.ValuePattern.SetValue(String value)
   at UIAutomation.Common.AutomationHelper.SetValueToValuePattern(AutomationElement element, String value) in D:\testspace\UIAutomation\UIAutomation\Common\AutomationHelper.cs:line 98
   at UIAutomation.Common.AutomationFactory.TextBox_Automation_Task(AutomationElement automationElement, AutomationModel automationModel) in D:\testspace\UIAutomation\UIAutomation\Common\AutomationFactory.cs:line 133
2020-06-23 14:54:29.3045|ERROR|MainAutomationControlViewModel|UIAutomation.ViewModels.MainAutomationControlViewModel.ExecuteAutomation1|174|0001:UIAutomation|1.0.0.0|16||任务步骤执行失败 System.InvalidProgramException: Target window is not existing.try #0

 ---> System.Windows.Automation.ElementNotAvailableException: 无法识别的错误。
   at MS.Internal.Automation.UiaCoreApi.CheckError(Int32 hr)
   at MS.Internal.Automation.UiaCoreApi.UiaNodeFromHandle(IntPtr hwnd)
   at System.Windows.Automation.AutomationElement.FromHandle(IntPtr hwnd)
   at UIAutomation.Common.AutomationHelper.FindWindowByProcessId(Process process) in D:\testspace\UIAutomation\UIAutomation\Common\AutomationHelper.cs:line 40
   --- End of inner exception stack trace ---
   at UIAutomation.Common.AutomationHelper.FindWindowByProcessId(Process process) in D:\testspace\UIAutomation\UIAutomation\Common\AutomationHelper.cs:line 47
   at UIAutomation.Common.AutomationHelper.FindElementById(Process process, String automationId) in D:\testspace\UIAutomation\UIAutomation\Common\AutomationHelper.cs:line 23
   at UIAutomation.Common.AutomationFactory.ExecuteAutomationTask(AutomationModel automation) in D:\testspace\UIAutomation\UIAutomation\Common\AutomationFactory.cs:line 40
   at UIAutomation.ViewModels.MainAutomationControlViewModel.ExecuteAutomation1() in D:\testspace\UIAutomation\UIAutomation\ViewModels\MainAutomationControlViewModel.cs:line 174
2020-06-23 14:58:54.1113|ERROR|AutomationFactory|UIAutomation.Common.AutomationFactory.Button_Automation_Task|91|0001:UIAutomation|1.0.0.0|13||执行Button自动化任务 System.Windows.Automation.ElementNotAvailableException: 无法识别的错误。
   at MS.Internal.Automation.UiaCoreApi.CheckError(Int32 hr)
   at System.Windows.Automation.InvokePattern.Invoke()
   at UIAutomation.Common.AutomationFactory.Button_Automation_Task(AutomationElement automationElement, AutomationModel automationModel) in D:\testspace\UIAutomation\UIAutomation\Common\AutomationFactory.cs:line 91
