2020-06-23 17:16:40.7611|ERROR|MainAutomationControlViewModel|UIAutomation.ViewModels.MainAutomationControlViewModel.ExecuteAutomation1|174|0001:UIAutomation|1.0.0.0|13||任务步骤执行失败 System.Windows.Automation.ElementNotAvailableException: 无法识别的错误。
   at MS.Internal.Automation.UiaCoreApi.CheckError(Int32 hr)
   at MS.Internal.Automation.UiaCoreApi.UiaFind(SafeNodeHandle hnode, UiaFindParams findParams, Condition findCondition, UiaCacheRequest request)
   at System.Windows.Automation.AutomationElement.Find(TreeScope scope, Condition condition, UiaCacheRequest request, Boolean findFirst, BackgroundWorker worker)
   at System.Windows.Automation.AutomationElement.FindFirst(TreeScope scope, Condition condition)
   at UIAutomation.Common.AutomationHelper.FindElementById(Process process, String automationId) in D:\testspace\UIAutomation\UIAutomation\Common\AutomationHelper.cs:line 26
   at UIAutomation.Common.AutomationFactory.ExecuteAutomationTask(AutomationModel automation) in D:\testspace\UIAutomation\UIAutomation\Common\AutomationFactory.cs:line 40
   at UIAutomation.ViewModels.MainAutomationControlViewModel.ExecuteAutomation1() in D:\testspace\UIAutomation\UIAutomation\ViewModels\MainAutomationControlViewModel.cs:line 174
2020-06-23 17:21:13.9478|ERROR|MainAutomationControlViewModel|UIAutomation.ViewModels.MainAutomationControlViewModel.ExecuteAutomation1|174|0001:UIAutomation|1.0.0.0|13||任务步骤执行失败 System.InvalidProgramException: Target window is not existing.try #0

 ---> System.Windows.Automation.ElementNotAvailableException: 无法识别的错误。
   at MS.Internal.Automation.UiaCoreApi.CheckError(Int32 hr)
   at MS.Internal.Automation.UiaCoreApi.UiaGetUpdatedCache(SafeNodeHandle hnode, UiaCacheRequest request, NormalizeState normalize, Condition customCondition)
   at System.Windows.Automation.AutomationElement.FromHandle(IntPtr hwnd)
   at UIAutomation.Common.AutomationHelper.FindWindowByProcessId(Process process) in D:\testspace\UIAutomation\UIAutomation\Common\AutomationHelper.cs:line 42
   --- End of inner exception stack trace ---
   at UIAutomation.Common.AutomationHelper.FindWindowByProcessId(Process process) in D:\testspace\UIAutomation\UIAutomation\Common\AutomationHelper.cs:line 49
   at UIAutomation.Common.AutomationHelper.FindElementById(Process process, String automationId) in D:\testspace\UIAutomation\UIAutomation\Common\AutomationHelper.cs:line 25
   at UIAutomation.Common.AutomationFactory.ExecuteAutomationTask(AutomationModel automation) in D:\testspace\UIAutomation\UIAutomation\Common\AutomationFactory.cs:line 40
   at UIAutomation.ViewModels.MainAutomationControlViewModel.ExecuteAutomation1() in D:\testspace\UIAutomation\UIAutomation\ViewModels\MainAutomationControlViewModel.cs:line 174
2020-06-23 17:21:35.1427|ERROR|MainAutomationControlViewModel|UIAutomation.ViewModels.MainAutomationControlViewModel.ExecuteAutomation1|174|0001:UIAutomation|1.0.0.0|12||任务步骤执行失败 System.InvalidProgramException: Target window is not existing.try #0

 ---> System.Windows.Automation.ElementNotAvailableException: 无法识别的错误。
   at MS.Internal.Automation.UiaCoreApi.CheckError(Int32 hr)
   at MS.Internal.Automation.UiaCoreApi.UiaGetUpdatedCache(SafeNodeHandle hnode, UiaCacheRequest request, NormalizeState normalize, Condition customCondition)
   at System.Windows.Automation.AutomationElement.FromHandle(IntPtr hwnd)
   at UIAutomation.Common.AutomationHelper.FindWindowByProcessId(Process process) in D:\testspace\UIAutomation\UIAutomation\Common\AutomationHelper.cs:line 42
   --- End of inner exception stack trace ---
   at UIAutomation.Common.AutomationHelper.FindWindowByProcessId(Process process) in D:\testspace\UIAutomation\UIAutomation\Common\AutomationHelper.cs:line 49
   at UIAutomation.Common.AutomationHelper.FindElementById(Process process, String automationId) in D:\testspace\UIAutomation\UIAutomation\Common\AutomationHelper.cs:line 25
   at UIAutomation.Common.AutomationFactory.ExecuteAutomationTask(AutomationModel automation) in D:\testspace\UIAutomation\UIAutomation\Common\AutomationFactory.cs:line 40
   at UIAutomation.ViewModels.MainAutomationControlViewModel.ExecuteAutomation1() in D:\testspace\UIAutomation\UIAutomation\ViewModels\MainAutomationControlViewModel.cs:line 174
2020-06-23 17:22:32.9540|ERROR|MainAutomationControlViewModel|UIAutomation.ViewModels.MainAutomationControlViewModel.ExecuteAutomation1|174|0001:UIAutomation|1.0.0.0|13||任务步骤执行失败 System.InvalidProgramException: Target window is not existing.try #0

 ---> System.Windows.Automation.ElementNotAvailableException: 无法识别的错误。
   at MS.Internal.Automation.UiaCoreApi.CheckError(Int32 hr)
   at MS.Internal.Automation.UiaCoreApi.UiaGetUpdatedCache(SafeNodeHandle hnode, UiaCacheRequest request, NormalizeState normalize, Condition customCondition)
   at System.Windows.Automation.AutomationElement.FromHandle(IntPtr hwnd)
   at UIAutomation.Common.AutomationHelper.FindWindowByProcessId(Process process) in D:\testspace\UIAutomation\UIAutomation\Common\AutomationHelper.cs:line 42
   --- End of inner exception stack trace ---
   at UIAutomation.Common.AutomationHelper.FindWindowByProcessId(Process process) in D:\testspace\UIAutomation\UIAutomation\Common\AutomationHelper.cs:line 49
   at UIAutomation.Common.AutomationHelper.FindElementById(Process process, String automationId) in D:\testspace\UIAutomation\UIAutomation\Common\AutomationHelper.cs:line 25
   at UIAutomation.Common.AutomationFactory.ExecuteAutomationTask(AutomationModel automation) in D:\testspace\UIAutomation\UIAutomation\Common\AutomationFactory.cs:line 40
   at UIAutomation.ViewModels.MainAutomationControlViewModel.ExecuteAutomation1() in D:\testspace\UIAutomation\UIAutomation\ViewModels\MainAutomationControlViewModel.cs:line 174
2020-06-23 17:49:24.6813|ERROR|MainAutomationControlViewModel|UIAutomation.ViewModels.MainAutomationControlViewModel.ExecuteAutomation1|174|0001:UIAutomation|1.0.0.0|12||任务步骤执行失败 System.InvalidProgramException: Target window is not existing.try #0

 ---> System.Windows.Automation.ElementNotAvailableException: 无法识别的错误。
   at MS.Internal.Automation.UiaCoreApi.CheckError(Int32 hr)
   at MS.Internal.Automation.UiaCoreApi.UiaGetUpdatedCache(SafeNodeHandle hnode, UiaCacheRequest request, NormalizeState normalize, Condition customCondition)
   at System.Windows.Automation.AutomationElement.FromHandle(IntPtr hwnd)
   at UIAutomation.Common.AutomationHelper.FindWindowByProcessId(Process process) in D:\testspace\UIAutomation\UIAutomation\Common\AutomationHelper.cs:line 42
   --- End of inner exception stack trace ---
   at UIAutomation.Common.AutomationHelper.FindWindowByProcessId(Process process) in D:\testspace\UIAutomation\UIAutomation\Common\AutomationHelper.cs:line 49
   at UIAutomation.Common.AutomationHelper.FindElementById(Process process, String automationId) in D:\testspace\UIAutomation\UIAutomation\Common\AutomationHelper.cs:line 25
   at UIAutomation.Common.AutomationFactory.ExecuteAutomationTask(AutomationModel automation) in D:\testspace\UIAutomation\UIAutomation\Common\AutomationFactory.cs:line 40
   at UIAutomation.ViewModels.MainAutomationControlViewModel.ExecuteAutomation1() in D:\testspace\UIAutomation\UIAutomation\ViewModels\MainAutomationControlViewModel.cs:line 174
2020-06-23 17:54:21.5187|ERROR|MainAutomationControlViewModel|UIAutomation.ViewModels.MainAutomationControlViewModel.ExecuteAutomation1|174|0001:UIAutomation|1.0.0.0|12||任务步骤执行失败 System.Windows.Automation.ElementNotAvailableException: 无法识别的错误。
   at MS.Internal.Automation.UiaCoreApi.CheckError(Int32 hr)
   at System.Windows.Automation.ExpandCollapsePattern.Collapse()
   at UIAutomation.Common.AutomationHelper.SetSelectedComboBoxItem1(AutomationElement comboBox, String item) in D:\testspace\UIAutomation\UIAutomation\Common\AutomationHelper.cs:line 248
   at UIAutomation.Common.AutomationHelper.SetSelectedComboBoxItem(AutomationElement comboBox, String item) in D:\testspace\UIAutomation\UIAutomation\Common\AutomationHelper.cs:line 236
   at UIAutomation.Common.AutomationFactory.ExecuteAutomationTask(AutomationModel automation) in D:\testspace\UIAutomation\UIAutomation\Common\AutomationFactory.cs:line 61
   at UIAutomation.ViewModels.MainAutomationControlViewModel.ExecuteAutomation1() in D:\testspace\UIAutomation\UIAutomation\ViewModels\MainAutomationControlViewModel.cs:line 174
