2020-07-13 19:01:38.8932|ERROR|MainAutomationControlViewModel|UIAutomation.ViewModels.MainAutomationControlViewModel.ExecuteAutomation|272|0001:UIAutomation|1.0.0.0|15||任务步骤执行失败 System.Threading.ThreadInterruptedException: Thread was interrupted from a waiting state.
   at System.Threading.Thread.SleepInternal(Int32 millisecondsTimeout)
   at System.Threading.Thread.Sleep(Int32 millisecondsTimeout)
   at UIAutomation.ViewModels.MainAutomationControlViewModel.ExecuteAutomation() in D:\workspace\viboxuiautomation\UIAutomation\ViewModels\MainAutomationControlViewModel.cs:line 272
2020-07-13 19:04:20.5283|ERROR|MainAutomationControlViewModel|UIAutomation.ViewModels.MainAutomationControlViewModel.ExecuteAutomation|249|0001:UIAutomation|1.0.0.0|13||任务步骤执行失败 System.Threading.ThreadInterruptedException: Thread was interrupted from a waiting state.
   at System.Threading.WaitHandle.WaitOneCore(IntPtr waitHandle, Int32 millisecondsTimeout)
   at System.Threading.WaitHandle.WaitOneNoCheck(Int32 millisecondsTimeout)
   at System.Threading.WaitHandle.WaitOne(TimeSpan timeout, Boolean exitContext)
   at System.Windows.Threading.DispatcherOperation.DispatcherOperationEvent.WaitOne()
   at System.Windows.Threading.DispatcherOperation.Wait(TimeSpan timeout)
   at System.Windows.Threading.Dispatcher.InvokeImpl(DispatcherOperation operation, CancellationToken cancellationToken, TimeSpan timeout)
   at System.Windows.Threading.Dispatcher.Invoke(Action callback, DispatcherPriority priority, CancellationToken cancellationToken, TimeSpan timeout)
   at System.Windows.Threading.Dispatcher.Invoke(Action callback)
   at UIAutomation.ViewModels.MainAutomationControlViewModel.ResetAutomationRowState() in D:\workspace\viboxuiautomation\UIAutomation\ViewModels\MainAutomationControlViewModel.cs:line 358
   at UIAutomation.ViewModels.MainAutomationControlViewModel.ExecuteAutomation() in D:\workspace\viboxuiautomation\UIAutomation\ViewModels\MainAutomationControlViewModel.cs:line 249
2020-07-13 19:05:42.9243|ERROR|MainAutomationControlViewModel|UIAutomation.ViewModels.MainAutomationControlViewModel.ExecuteAutomation|282|0001:UIAutomation|1.0.0.0|13||任务步骤执行失败 System.Threading.ThreadInterruptedException: Thread was interrupted from a waiting state.
   at System.Threading.Thread.SleepInternal(Int32 millisecondsTimeout)
   at System.Threading.Thread.Sleep(Int32 millisecondsTimeout)
   at UIAutomation.ViewModels.MainAutomationControlViewModel.ExecuteAutomation() in D:\workspace\viboxuiautomation\UIAutomation\ViewModels\MainAutomationControlViewModel.cs:line 282
2020-07-13 19:07:19.6691|ERROR|MainAutomationControlViewModel|UIAutomation.ViewModels.MainAutomationControlViewModel.ExecuteAutomation|282|0001:UIAutomation|1.0.0.0|12||任务步骤执行失败 System.Threading.ThreadInterruptedException: Thread was interrupted from a waiting state.
   at System.Threading.Thread.SleepInternal(Int32 millisecondsTimeout)
   at System.Threading.Thread.Sleep(Int32 millisecondsTimeout)
   at UIAutomation.ViewModels.MainAutomationControlViewModel.ExecuteAutomation() in D:\workspace\viboxuiautomation\UIAutomation\ViewModels\MainAutomationControlViewModel.cs:line 282
2020-07-13 19:09:50.3099|ERROR|MainAutomationControlViewModel|UIAutomation.ViewModels.MainAutomationControlViewModel.ExecuteAutomation|282|0001:UIAutomation|1.0.0.0|14||任务步骤执行失败 System.Threading.ThreadInterruptedException: Thread was interrupted from a waiting state.
   at System.Threading.Thread.SleepInternal(Int32 millisecondsTimeout)
   at System.Threading.Thread.Sleep(Int32 millisecondsTimeout)
   at UIAutomation.ViewModels.MainAutomationControlViewModel.ExecuteAutomation() in D:\workspace\viboxuiautomation\UIAutomation\ViewModels\MainAutomationControlViewModel.cs:line 282
2020-07-13 19:16:23.8400|ERROR|MainAutomationControlViewModel|UIAutomation.ViewModels.MainAutomationControlViewModel.ExecuteAutomation|282|0001:UIAutomation|1.0.0.0|13||任务步骤执行失败 System.Threading.ThreadInterruptedException: Thread was interrupted from a waiting state.
   at System.Threading.Thread.SleepInternal(Int32 millisecondsTimeout)
   at System.Threading.Thread.Sleep(Int32 millisecondsTimeout)
   at UIAutomation.ViewModels.MainAutomationControlViewModel.ExecuteAutomation() in D:\workspace\viboxuiautomation\UIAutomation\ViewModels\MainAutomationControlViewModel.cs:line 282
2020-07-13 19:28:25.1605|ERROR|MainAutomationControlViewModel|UIAutomation.ViewModels.MainAutomationControlViewModel.ExecuteAutomation|285|0001:UIAutomation|1.0.0.0|13||任务步骤执行失败 System.Threading.ThreadInterruptedException: Thread was interrupted from a waiting state.
   at System.Threading.Thread.SleepInternal(Int32 millisecondsTimeout)
   at System.Threading.Thread.Sleep(Int32 millisecondsTimeout)
   at UIAutomation.ViewModels.MainAutomationControlViewModel.ExecuteAutomation() in D:\workspace\viboxuiautomation\UIAutomation\ViewModels\MainAutomationControlViewModel.cs:line 285
2020-07-13 19:43:45.3761|ERROR|MainAutomationControlViewModel|UIAutomation.ViewModels.MainAutomationControlViewModel.ExecuteAutomation|285|0001:UIAutomation|1.0.0.0|13||任务步骤执行失败 System.Threading.ThreadInterruptedException: Thread was interrupted from a waiting state.
   at System.Threading.Thread.SleepInternal(Int32 millisecondsTimeout)
   at System.Threading.Thread.Sleep(Int32 millisecondsTimeout)
   at UIAutomation.ViewModels.MainAutomationControlViewModel.ExecuteAutomation() in D:\workspace\viboxuiautomation\UIAutomation\ViewModels\MainAutomationControlViewModel.cs:line 285
2020-07-13 19:45:13.1444|ERROR|MainAutomationControlViewModel|UIAutomation.ViewModels.MainAutomationControlViewModel.ExecuteAutomation|289|0001:UIAutomation|1.0.0.0|13||任务步骤执行失败 System.Threading.ThreadInterruptedException: Thread was interrupted from a waiting state.
   at System.Threading.Thread.SleepInternal(Int32 millisecondsTimeout)
   at System.Threading.Thread.Sleep(Int32 millisecondsTimeout)
   at UIAutomation.ViewModels.MainAutomationControlViewModel.ExecuteAutomation() in D:\workspace\viboxuiautomation\UIAutomation\ViewModels\MainAutomationControlViewModel.cs:line 289
2020-07-13 19:46:01.3233|ERROR|MainAutomationControlViewModel|UIAutomation.ViewModels.MainAutomationControlViewModel.ExecuteAutomation|256|0001:UIAutomation|1.0.0.0|6||任务步骤执行失败 System.Threading.ThreadInterruptedException: Thread was interrupted from a waiting state.
   at System.Threading.WaitHandle.WaitOneCore(IntPtr waitHandle, Int32 millisecondsTimeout)
   at System.Threading.WaitHandle.WaitOneNoCheck(Int32 millisecondsTimeout)
   at System.Threading.WaitHandle.WaitOne(TimeSpan timeout, Boolean exitContext)
   at System.Windows.Threading.DispatcherOperation.DispatcherOperationEvent.WaitOne()
   at System.Windows.Threading.DispatcherOperation.Wait(TimeSpan timeout)
   at System.Windows.Threading.Dispatcher.InvokeImpl(DispatcherOperation operation, CancellationToken cancellationToken, TimeSpan timeout)
   at System.Windows.Threading.Dispatcher.Invoke(Action callback, DispatcherPriority priority, CancellationToken cancellationToken, TimeSpan timeout)
   at System.Windows.Threading.Dispatcher.Invoke(Action callback)
   at UIAutomation.ViewModels.MainAutomationControlViewModel.ResetAutomationRowState() in D:\workspace\viboxuiautomation\UIAutomation\ViewModels\MainAutomationControlViewModel.cs:line 365
   at UIAutomation.ViewModels.MainAutomationControlViewModel.ExecuteAutomation() in D:\workspace\viboxuiautomation\UIAutomation\ViewModels\MainAutomationControlViewModel.cs:line 256
2020-07-13 19:46:50.7320|ERROR|MainAutomationControlViewModel|UIAutomation.ViewModels.MainAutomationControlViewModel.ExecuteAutomation|289|0001:UIAutomation|1.0.0.0|15||任务步骤执行失败 System.Threading.ThreadInterruptedException: Thread was interrupted from a waiting state.
   at System.Threading.Thread.SleepInternal(Int32 millisecondsTimeout)
   at System.Threading.Thread.Sleep(Int32 millisecondsTimeout)
   at UIAutomation.ViewModels.MainAutomationControlViewModel.ExecuteAutomation() in D:\workspace\viboxuiautomation\UIAutomation\ViewModels\MainAutomationControlViewModel.cs:line 289
2020-07-13 19:47:15.2421|ERROR|MainAutomationControlViewModel|UIAutomation.ViewModels.MainAutomationControlViewModel.ExecuteAutomation|289|0001:UIAutomation|1.0.0.0|16||任务步骤执行失败 System.Threading.ThreadInterruptedException: Thread was interrupted from a waiting state.
   at System.Threading.Thread.SleepInternal(Int32 millisecondsTimeout)
   at System.Threading.Thread.Sleep(Int32 millisecondsTimeout)
   at UIAutomation.ViewModels.MainAutomationControlViewModel.ExecuteAutomation() in D:\workspace\viboxuiautomation\UIAutomation\ViewModels\MainAutomationControlViewModel.cs:line 289
2020-07-13 19:48:12.2329|ERROR|MainAutomationControlViewModel|UIAutomation.ViewModels.MainAutomationControlViewModel.ExecuteAutomation|256|0001:UIAutomation|1.0.0.0|15||任务步骤执行失败 System.Threading.ThreadInterruptedException: Thread was interrupted from a waiting state.
   at System.Threading.WaitHandle.WaitOneCore(IntPtr waitHandle, Int32 millisecondsTimeout)
   at System.Threading.WaitHandle.WaitOneNoCheck(Int32 millisecondsTimeout)
   at System.Threading.WaitHandle.WaitOne(TimeSpan timeout, Boolean exitContext)
   at System.Windows.Threading.DispatcherOperation.DispatcherOperationEvent.WaitOne()
   at System.Windows.Threading.DispatcherOperation.Wait(TimeSpan timeout)
   at System.Windows.Threading.Dispatcher.InvokeImpl(DispatcherOperation operation, CancellationToken cancellationToken, TimeSpan timeout)
   at System.Windows.Threading.Dispatcher.Invoke(Action callback, DispatcherPriority priority, CancellationToken cancellationToken, TimeSpan timeout)
   at System.Windows.Threading.Dispatcher.Invoke(Action callback)
   at UIAutomation.ViewModels.MainAutomationControlViewModel.ResetAutomationRowState() in D:\workspace\viboxuiautomation\UIAutomation\ViewModels\MainAutomationControlViewModel.cs:line 365
   at UIAutomation.ViewModels.MainAutomationControlViewModel.ExecuteAutomation() in D:\workspace\viboxuiautomation\UIAutomation\ViewModels\MainAutomationControlViewModel.cs:line 256
2020-07-13 19:48:18.9087|ERROR|MainAutomationControlViewModel|UIAutomation.ViewModels.MainAutomationControlViewModel.ExecuteAutomation|289|0001:UIAutomation|1.0.0.0|13||任务步骤执行失败 System.Threading.ThreadInterruptedException: Thread was interrupted from a waiting state.
   at System.Threading.Thread.SleepInternal(Int32 millisecondsTimeout)
   at System.Threading.Thread.Sleep(Int32 millisecondsTimeout)
   at UIAutomation.ViewModels.MainAutomationControlViewModel.ExecuteAutomation() in D:\workspace\viboxuiautomation\UIAutomation\ViewModels\MainAutomationControlViewModel.cs:line 289
2020-07-13 19:48:22.8145|ERROR|MainAutomationControlViewModel|UIAutomation.ViewModels.MainAutomationControlViewModel.ExecuteAutomation|289|0001:UIAutomation|1.0.0.0|16||任务步骤执行失败 System.Threading.ThreadInterruptedException: Thread was interrupted from a waiting state.
   at System.Threading.Thread.SleepInternal(Int32 millisecondsTimeout)
   at System.Threading.Thread.Sleep(Int32 millisecondsTimeout)
   at UIAutomation.ViewModels.MainAutomationControlViewModel.ExecuteAutomation() in D:\workspace\viboxuiautomation\UIAutomation\ViewModels\MainAutomationControlViewModel.cs:line 289
